Line 122: Class vkUserContolsXP.vkOptionButton of control btnOpt was not a loaded control class.
Line 246: Class vkUserContolsXP.vkOptionButton of control btnOpt was not a loaded control class.
Line 270: Class vkUserContolsXP.vkOptionButton of control btnOpt was not a loaded control class.
Line 294: Class vkUserContolsXP.vkOptionButton of control btnOpt was not a loaded control class.
Line 608: Class vkUserContolsXP.vkCheck of control vkCheck1 was not a loaded control class.
Line 683: Class vkUserContolsXP.vkCommand of control pic was not a loaded control class.
Line 703: Class vkUserContolsXP.vkFrame of control vkFrame6 was not a loaded control class.
Line 728: Class vkUserContolsXP.vkCommand of control img was not a loaded control class.
Line 751: Class vkUserContolsXP.vkFrame of control vkFrame4 was not a loaded control class.
Line 773: Class vkUserContolsXP.vkCommand of control align was not a loaded control class.
Line 796: Class vkUserContolsXP.vkCommand of control align was not a loaded control class.
Line 819: Class vkUserContolsXP.vkCommand of control align was not a loaded control class.
Line 842: Class vkUserContolsXP.vkToggleButton of control vkToggleButton2 was not a loaded control class.
Line 864: Class vkUserContolsXP.vkToggleButton of control vkToggleButton3 was not a loaded control class.
Line 887: Class vkUserContolsXP.vkFrame of control vkFrame3 was not a loaded control class.
Line 909: Class vkUserContolsXP.vkCommand of control fnt_colr was not a loaded control class.
Line 948: Class vkUserContolsXP.vkToggleButton of control undrln_btn was not a loaded control class.
Line 970: Class vkUserContolsXP.vkToggleButton of control itlc_btn was not a loaded control class.
Line 992: Class vkUserContolsXP.vkToggleButton of control bold_btn was not a loaded control class.
Line 1052: Class vkUserContolsXP.vkToggleButton of control vkToggleButton1 was not a loaded control class.
Line 1097: Class vkUserContolsXP.vkFrame of control vkFrame1 was not a loaded control class.
Line 1122: Class vkUserContolsXP.vkFrame of control vkFrame13 was not a loaded control class.
Line 1148: Class vkUserContolsXP.vkFrame of control vkFrame12 was not a loaded control class.
Line 1170: Class vkUserContolsXP.vkCommand of control vkCommand7 was not a loaded control class.
Line 1195: Class vkUserContolsXP.vkFrame of control vkFrame11 was not a loaded control class.
Line 1221: Class vkUserContolsXP.vkFrame of control vkFrame10 was not a loaded control class.
Line 1247: Class vkUserContolsXP.vkFrame of control vkFrame9 was not a loaded control class.
Line 1273: Class vkUserContolsXP.vkFrame of control vkFrame7 was not a loaded control class.
Line 1299: Class vkUserContolsXP.vkFrame of control vkFrame5 was not a loaded control class.
Line 1325: Class vkUserContolsXP.vkFrame of control vkFrame2 was not a loaded control class.
Line 1444: Class vkUserContolsXP.vkFrame of control vkFrame17 was not a loaded control class.
