Line 66: Property MICON in sub51 had an invalid file reference.
Line 105: Property MICON in sub52 had an invalid file reference.
Line 144: Property MICON in sub53 had an invalid file reference.
Line 183: Property MICON in Sub54 had an invalid file reference.
Line 222: Property MICON in sub55 had an invalid file reference.
Line 270: Property MICON in sub44 had an invalid file reference.
Line 309: Property MICON in sub43 had an invalid file reference.
Line 348: Property MICON in sub42 had an invalid file reference.
Line 387: Property MICON in sub41 had an invalid file reference.
Line 435: Property MICON in sub33 had an invalid file reference.
Line 474: Property MICON in sub32 had an invalid file reference.
Line 513: Property MICON in sub31 had an invalid file reference.
Line 561: Property MICON in sub21 had an invalid file reference.
Line 600: Property MICON in sub22 had an invalid file reference.
Line 614: Property Picture in Picture3 had an invalid file reference.
Line 639: Property Picture in btn had an invalid file reference.
Line 640: Property DisabledPicture in btn had an invalid file reference.
Line 641: Property DownPicture in btn had an invalid file reference.
Line 643: Property MouseIcon in btn had an invalid file reference.
Line 66: Property MICON in sub51 had an invalid file reference.
Line 105: Property MICON in sub52 had an invalid file reference.
Line 144: Property MICON in sub53 had an invalid file reference.
Line 183: Property MICON in Sub54 had an invalid file reference.
Line 222: Property MICON in sub55 had an invalid file reference.
Line 270: Property MICON in sub44 had an invalid file reference.
Line 309: Property MICON in sub43 had an invalid file reference.
Line 348: Property MICON in sub42 had an invalid file reference.
Line 387: Property MICON in sub41 had an invalid file reference.
Line 435: Property MICON in sub33 had an invalid file reference.
Line 474: Property MICON in sub32 had an invalid file reference.
Line 513: Property MICON in sub31 had an invalid file reference.
Line 561: Property MICON in sub21 had an invalid file reference.
Line 600: Property MICON in sub22 had an invalid file reference.
Line 614: Property Picture in Picture3 had an invalid file reference.
Line 639: Property Picture in btn had an invalid file reference.
Line 640: Property DisabledPicture in btn had an invalid file reference.
Line 641: Property DownPicture in btn had an invalid file reference.
Line 643: Property MouseIcon in btn had an invalid file reference.
Line 66: Property MICON in sub51 had an invalid file reference.
Line 105: Property MICON in sub52 had an invalid file reference.
Line 144: Property MICON in sub53 had an invalid file reference.
Line 183: Property MICON in Sub54 had an invalid file reference.
Line 222: Property MICON in sub55 had an invalid file reference.
Line 270: Property MICON in sub44 had an invalid file reference.
Line 309: Property MICON in sub43 had an invalid file reference.
Line 348: Property MICON in sub42 had an invalid file reference.
Line 387: Property MICON in sub41 had an invalid file reference.
Line 435: Property MICON in sub33 had an invalid file reference.
Line 474: Property MICON in sub32 had an invalid file reference.
Line 513: Property MICON in sub31 had an invalid file reference.
Line 561: Property MICON in sub21 had an invalid file reference.
Line 600: Property MICON in sub22 had an invalid file reference.
Line 614: Property Picture in Picture3 had an invalid file reference.
Line 639: Property Picture in btn had an invalid file reference.
Line 640: Property DisabledPicture in btn had an invalid file reference.
Line 641: Property DownPicture in btn had an invalid file reference.
Line 643: Property MouseIcon in btn had an invalid file reference.
Line 66: Property MICON in sub51 had an invalid file reference.
Line 105: Property MICON in sub52 had an invalid file reference.
Line 144: Property MICON in sub53 had an invalid file reference.
Line 183: Property MICON in Sub54 had an invalid file reference.
Line 222: Property MICON in sub55 had an invalid file reference.
Line 270: Property MICON in sub44 had an invalid file reference.
Line 309: Property MICON in sub43 had an invalid file reference.
Line 348: Property MICON in sub42 had an invalid file reference.
Line 387: Property MICON in sub41 had an invalid file reference.
Line 435: Property MICON in sub33 had an invalid file reference.
Line 474: Property MICON in sub32 had an invalid file reference.
Line 513: Property MICON in sub31 had an invalid file reference.
Line 561: Property MICON in sub21 had an invalid file reference.
Line 600: Property MICON in sub22 had an invalid file reference.
Line 614: Property Picture in Picture3 had an invalid file reference.
Line 639: Property Picture in btn had an invalid file reference.
Line 640: Property DisabledPicture in btn had an invalid file reference.
Line 641: Property DownPicture in btn had an invalid file reference.
Line 643: Property MouseIcon in btn had an invalid file reference.
Line 66: Property MICON in sub51 had an invalid file reference.
Line 105: Property MICON in sub52 had an invalid file reference.
Line 144: Property MICON in sub53 had an invalid file reference.
Line 183: Property MICON in Sub54 had an invalid file reference.
Line 222: Property MICON in sub55 had an invalid file reference.
Line 270: Property MICON in sub44 had an invalid file reference.
Line 309: Property MICON in sub43 had an invalid file reference.
Line 348: Property MICON in sub42 had an invalid file reference.
Line 387: Property MICON in sub41 had an invalid file reference.
Line 435: Property MICON in sub33 had an invalid file reference.
Line 474: Property MICON in sub32 had an invalid file reference.
Line 513: Property MICON in sub31 had an invalid file reference.
Line 561: Property MICON in sub21 had an invalid file reference.
Line 600: Property MICON in sub22 had an invalid file reference.
Line 614: Property Picture in Picture3 had an invalid file reference.
Line 639: Property Picture in btn had an invalid file reference.
Line 640: Property DisabledPicture in btn had an invalid file reference.
Line 641: Property DownPicture in btn had an invalid file reference.
Line 643: Property MouseIcon in btn had an invalid file reference.
