Line 160: Class vkUserContolsXP.vkFrame of control fram6 was not a loaded control class.
Line 224: Class vkUserContolsXP.vkFrame of control fram5 was not a loaded control class.
Line 284: Class vkUserContolsXP.vkFrame of control fram3 was not a loaded control class.
Line 449: Class vkUserContolsXP.vkFrame of control Fram2 was not a loaded control class.
Line 590: Class vkUserContolsXP.vkCommand of control vkCommand2 was not a loaded control class.
Line 736: Class vkUserContolsXP.vkFrame of control Fram1 was not a loaded control class.
Line 795: Class vkUserContolsXP.vkFrame of control vkFrame8 was not a loaded control class.
Line 1008: Class vkUserContolsXP.vkFrame of control vkFrame1 was not a loaded control class.
Line 1034: Class vkUserContolsXP.vkFrame of control vkFrame26 was not a loaded control class.
Line 1071: Class vkUserContolsXP.vkFrame of control vkFrame25 was not a loaded control class.
Line 1098: Class vkUserContolsXP.vkFrame of control vkFrame24 was not a loaded control class.
Line 1120: Class vkUserContolsXP.vkCommand of control vkCommand1 was not a loaded control class.
Line 1144: Class vkUserContolsXP.vkFrame of control vkFrame23 was not a loaded control class.
Line 1170: Class vkUserContolsXP.vkFrame of control vkFrame22 was not a loaded control class.
Line 1272: Class vkUserContolsXP.vkFrame of control vkFrame21 was not a loaded control class.
Line 1298: Class vkUserContolsXP.vkFrame of control vkFrame20 was not a loaded control class.
Line 1381: Class vkUserContolsXP.vkFrame of control vkFrame19 was not a loaded control class.
Line 1407: Class vkUserContolsXP.vkFrame of control vkFrame14 was not a loaded control class.
Line 1433: Class vkUserContolsXP.vkFrame of control vkFrame10 was not a loaded control class.
Line 1466: Class vkUserContolsXP.vkFrame of control vkFrame9 was not a loaded control class.
Line 1492: Class vkUserContolsXP.vkFrame of control vkFrame6 was not a loaded control class.
Line 1514: Class HookMenu.XpMenu of control XpMenu1 was not a loaded control class.
Line 1566: Class vkUserContolsXP.vkFrame of control vkFrame17 was not a loaded control class.
Line 1600: Class vkUserContolsXP.vkFrame of control vkFrame4 was not a loaded control class.
Line 1634: Class vkUserContolsXP.vkFrame of control vkFrame3 was not a loaded control class.
Line 1660: Class vkUserContolsXP.vkFrame of control vkFrame18 was not a loaded control class.
Line 1686: Class vkUserContolsXP.vkFrame of control vkFrame11 was not a loaded control class.
Line 1712: Class vkUserContolsXP.vkFrame of control vkFrame12 was not a loaded control class.
Line 1747: Class vkUserContolsXP.vkFrame of control vkFrame13 was not a loaded control class.
