Line 20: Class MSDataGridLib.DataGrid of control DataGrid1 was not a loaded control class.
Line 430: Class MSAdodcLib.Adodc of control Adodc1 was not a loaded control class.
Line 21: The property name Bindings in DataGrid1 is invalid.
Line 27: The property name _ExtentX in DataGrid1 is invalid.
Line 28: The property name _ExtentY in DataGrid1 is invalid.
Line 29: The property name _Version in DataGrid1 is invalid.
Line 30: The property name AllowUpdate in DataGrid1 is invalid.
Line 31: The property name AllowArrows in DataGrid1 is invalid.
Line 32: The property name HeadLines in DataGrid1 is invalid.
Line 33: The property name RowHeight in DataGrid1 is invalid.
Line 34: The property name FormatLocked in DataGrid1 is invalid.
Line 43: The property name HeadFont in DataGrid1 is invalid.
Line 53: The property name ColumnCount in DataGrid1 is invalid.
Line 66: The property name Column00 in DataGrid1 is invalid.
Line 79: The property name Column01 in DataGrid1 is invalid.
Line 92: The property name Column02 in DataGrid1 is invalid.
Line 93: The property name SplitCount in DataGrid1 is invalid.
Line 111: The property name Split0 in DataGrid1 is invalid.
Line 436: The property name _ExtentX in Adodc1 is invalid.
Line 437: The property name _ExtentY in Adodc1 is invalid.
Line 438: The property name ConnectMode in Adodc1 is invalid.
Line 439: The property name CursorLocation in Adodc1 is invalid.
Line 440: The property name IsolationLevel in Adodc1 is invalid.
Line 441: The property name ConnectionTimeout in Adodc1 is invalid.
Line 442: The property name CommandTimeout in Adodc1 is invalid.
Line 443: The property name CursorType in Adodc1 is invalid.
Line 444: The property name LockType in Adodc1 is invalid.
Line 445: The property name CommandType in Adodc1 is invalid.
Line 446: The property name CursorOptions in Adodc1 is invalid.
Line 447: The property name CacheSize in Adodc1 is invalid.
Line 448: The property name MaxRecords in Adodc1 is invalid.
Line 449: The property name BOFAction in Adodc1 is invalid.
Line 450: The property name EOFAction in Adodc1 is invalid.
Line 451: The property name ConnectStringType in Adodc1 is invalid.
Line 455: The property name Orientation in Adodc1 is invalid.
Line 457: The property name Connect in Adodc1 is invalid.
Line 458: The property name OLEDBString in Adodc1 is invalid.
Line 459: The property name OLEDBFile in Adodc1 is invalid.
Line 460: The property name DataSourceName in Adodc1 is invalid.
Line 461: The property name OtherAttributes in Adodc1 is invalid.
Line 462: The property name UserName in Adodc1 is invalid.
Line 463: The property name Password in Adodc1 is invalid.
Line 464: The property name RecordSource in Adodc1 is invalid.
Line 465: The property name Caption in Adodc1 is invalid.
Line 475: The property name _Version in Adodc1 is invalid.
